#! /c/Source/iverilog-install/bin/vvp
:ivl_version "12.0 (devel)" "(s20150603-1539-g2693dd32b)";
:ivl_delay_selection "TYPICAL";
:vpi_time_precision - 12;
:vpi_module "C:\iverilog\lib\ivl\system.vpi";
:vpi_module "C:\iverilog\lib\ivl\vhdl_sys.vpi";
:vpi_module "C:\iverilog\lib\ivl\vhdl_textio.vpi";
:vpi_module "C:\iverilog\lib\ivl\v2005_math.vpi";
:vpi_module "C:\iverilog\lib\ivl\va_math.vpi";
S_000001509599b0c0 .scope module, "Sequence_detector_1011_tb" "Sequence_detector_1011_tb" 2 5;
 .timescale -9 -12;
v00000150959937e0_0 .var "clock", 0 0;
v0000015095993880_0 .net "detector_out", 0 0, v0000015095aebd50_0;  1 drivers
v0000015095993920_0 .var "reset", 0 0;
v00000150959939c0_0 .var "sequence_in", 0 0;
S_000001509599b250 .scope module, "uut" "SQ_1011" 2 16, 3 1 0, S_000001509599b0c0;
 .timescale 0 0;
    .port_info 0 /INPUT 1 "S_input";
    .port_info 1 /INPUT 1 "CLK";
    .port_info 2 /INPUT 1 "RST";
    .port_info 3 /OUTPUT 1 "D_output";
P_000001509599b3e0 .param/l "One" 0 3 5, C4<001>;
P_000001509599b418 .param/l "OneZero" 0 3 6, C4<010>;
P_000001509599b450 .param/l "OneZeroOne" 0 3 7, C4<011>;
P_000001509599b488 .param/l "OneZeroOneOne" 0 3 8, C4<100>;
P_000001509599b4c0 .param/l "Zero" 0 3 4, C4<000>;
v0000015095aeb8b0_0 .net "CLK", 0 0, v00000150959937e0_0;  1 drivers
v0000015095aebd50_0 .var "D_output", 0 0;
v0000015095993560_0 .net "RST", 0 0, v0000015095993920_0;  1 drivers
v0000015095993600_0 .net "S_input", 0 0, v00000150959939c0_0;  1 drivers
v00000150959936a0_0 .var "current_state", 2 0;
v0000015095993740_0 .var "next_state", 2 0;
E_000001509599e040 .event anyedge, v00000150959936a0_0;
E_000001509599e2c0 .event anyedge, v0000015095993600_0, v00000150959936a0_0;
E_000001509599e680 .event posedge, v0000015095993560_0, v0000015095aeb8b0_0;
    .scope S_000001509599b250;
T_0 ;
    %wait E_000001509599e680;
    %load/vec4 v0000015095993560_0;
    %pad/u 32;
    %cmpi/e 1, 0, 32;
    %jmp/0xz  T_0.0, 4;
    %pushi/vec4 0, 0, 3;
    %assign/vec4 v00000150959936a0_0, 0;
    %jmp T_0.1;
T_0.0 ;
    %load/vec4 v0000015095993740_0;
    %assign/vec4 v00000150959936a0_0, 0;
T_0.1 ;
    %jmp T_0;
    .thread T_0;
    .scope S_000001509599b250;
T_1 ;
    %wait E_000001509599e2c0;
    %load/vec4 v00000150959936a0_0;
    %dup/vec4;
    %pushi/vec4 0, 0, 3;
    %cmp/u;
    %jmp/1 T_1.0, 6;
    %dup/vec4;
    %pushi/vec4 1, 0, 3;
    %cmp/u;
    %jmp/1 T_1.1, 6;
    %dup/vec4;
    %pushi/vec4 2, 0, 3;
    %cmp/u;
    %jmp/1 T_1.2, 6;
    %dup/vec4;
    %pushi/vec4 3, 0, 3;
    %cmp/u;
    %jmp/1 T_1.3, 6;
    %dup/vec4;
    %pushi/vec4 4, 0, 3;
    %cmp/u;
    %jmp/1 T_1.4, 6;
    %pushi/vec4 0, 0, 3;
    %store/vec4 v0000015095993740_0, 0, 3;
    %jmp T_1.6;
T_1.0 ;
    %load/vec4 v0000015095993600_0;
    %pad/u 32;
    %cmpi/e 0, 0, 32;
    %jmp/0xz  T_1.7, 4;
    %pushi/vec4 0, 0, 3;
    %store/vec4 v0000015095993740_0, 0, 3;
    %jmp T_1.8;
T_1.7 ;
    %pushi/vec4 1, 0, 3;
    %store/vec4 v0000015095993740_0, 0, 3;
T_1.8 ;
    %jmp T_1.6;
T_1.1 ;
    %load/vec4 v0000015095993600_0;
    %pad/u 32;
    %cmpi/e 0, 0, 32;
    %jmp/0xz  T_1.9, 4;
    %pushi/vec4 2, 0, 3;
    %store/vec4 v0000015095993740_0, 0, 3;
    %jmp T_1.10;
T_1.9 ;
    %pushi/vec4 1, 0, 3;
    %store/vec4 v0000015095993740_0, 0, 3;
T_1.10 ;
    %jmp T_1.6;
T_1.2 ;
    %load/vec4 v0000015095993600_0;
    %pad/u 32;
    %cmpi/e 0, 0, 32;
    %jmp/0xz  T_1.11, 4;
    %pushi/vec4 0, 0, 3;
    %store/vec4 v0000015095993740_0, 0, 3;
    %jmp T_1.12;
T_1.11 ;
    %pushi/vec4 3, 0, 3;
    %store/vec4 v0000015095993740_0, 0, 3;
T_1.12 ;
    %jmp T_1.6;
T_1.3 ;
    %load/vec4 v0000015095993600_0;
    %pad/u 32;
    %cmpi/e 0, 0, 32;
    %jmp/0xz  T_1.13, 4;
    %pushi/vec4 2, 0, 3;
    %store/vec4 v0000015095993740_0, 0, 3;
    %jmp T_1.14;
T_1.13 ;
    %pushi/vec4 4, 0, 3;
    %store/vec4 v0000015095993740_0, 0, 3;
T_1.14 ;
    %jmp T_1.6;
T_1.4 ;
    %load/vec4 v0000015095993600_0;
    %pad/u 32;
    %cmpi/e 0, 0, 32;
    %jmp/0xz  T_1.15, 4;
    %pushi/vec4 2, 0, 3;
    %store/vec4 v0000015095993740_0, 0, 3;
    %jmp T_1.16;
T_1.15 ;
    %pushi/vec4 1, 0, 3;
    %store/vec4 v0000015095993740_0, 0, 3;
T_1.16 ;
    %jmp T_1.6;
T_1.6 ;
    %pop/vec4 1;
    %jmp T_1;
    .thread T_1, $push;
    .scope S_000001509599b250;
T_2 ;
    %wait E_000001509599e040;
    %load/vec4 v00000150959936a0_0;
    %dup/vec4;
    %pushi/vec4 0, 0, 3;
    %cmp/u;
    %jmp/1 T_2.0, 6;
    %dup/vec4;
    %pushi/vec4 1, 0, 3;
    %cmp/u;
    %jmp/1 T_2.1, 6;
    %dup/vec4;
    %pushi/vec4 2, 0, 3;
    %cmp/u;
    %jmp/1 T_2.2, 6;
    %dup/vec4;
    %pushi/vec4 3, 0, 3;
    %cmp/u;
    %jmp/1 T_2.3, 6;
    %dup/vec4;
    %pushi/vec4 4, 0, 3;
    %cmp/u;
    %jmp/1 T_2.4, 6;
    %pushi/vec4 0, 0, 1;
    %store/vec4 v0000015095aebd50_0, 0, 1;
    %jmp T_2.6;
T_2.0 ;
    %pushi/vec4 0, 0, 1;
    %store/vec4 v0000015095aebd50_0, 0, 1;
    %jmp T_2.6;
T_2.1 ;
    %pushi/vec4 0, 0, 1;
    %store/vec4 v0000015095aebd50_0, 0, 1;
    %jmp T_2.6;
T_2.2 ;
    %pushi/vec4 0, 0, 1;
    %store/vec4 v0000015095aebd50_0, 0, 1;
    %jmp T_2.6;
T_2.3 ;
    %pushi/vec4 0, 0, 1;
    %store/vec4 v0000015095aebd50_0, 0, 1;
    %jmp T_2.6;
T_2.4 ;
    %pushi/vec4 1, 0, 1;
    %store/vec4 v0000015095aebd50_0, 0, 1;
    %jmp T_2.6;
T_2.6 ;
    %pop/vec4 1;
    %jmp T_2;
    .thread T_2, $push;
    .scope S_000001509599b250;
T_3 ;
    %vpi_call 3 66 "$monitor", $time, " current_state = %b, next_state = %b", v00000150959936a0_0, v0000015095993740_0 {0 0 0};
    %end;
    .thread T_3;
    .scope S_000001509599b0c0;
T_4 ;
    %pushi/vec4 0, 0, 1;
    %store/vec4 v00000150959937e0_0, 0, 1;
T_4.0 ;
    %delay 5000, 0;
    %load/vec4 v00000150959937e0_0;
    %inv;
    %store/vec4 v00000150959937e0_0, 0, 1;
    %jmp T_4.0;
    %end;
    .thread T_4;
    .scope S_000001509599b0c0;
T_5 ;
    %vpi_call 2 27 "$dumpfile", "dump.vcd" {0 0 0};
    %vpi_call 2 28 "$dumpvars", 32'sb00000000000000000000000000000001, S_000001509599b0c0 {0 0 0};
    %pushi/vec4 0, 0, 1;
    %store/vec4 v00000150959939c0_0, 0, 1;
    %pushi/vec4 1, 0, 1;
    %store/vec4 v0000015095993920_0, 0, 1;
    %delay 40000, 0;
    %pushi/vec4 0, 0, 1;
    %store/vec4 v0000015095993920_0, 0, 1;
    %delay 30000, 0;
    %pushi/vec4 1, 0, 1;
    %store/vec4 v00000150959939c0_0, 0, 1;
    %delay 10000, 0;
    %pushi/vec4 0, 0, 1;
    %store/vec4 v00000150959939c0_0, 0, 1;
    %delay 10000, 0;
    %pushi/vec4 1, 0, 1;
    %store/vec4 v00000150959939c0_0, 0, 1;
    %delay 20000, 0;
    %pushi/vec4 0, 0, 1;
    %store/vec4 v00000150959939c0_0, 0, 1;
    %delay 20000, 0;
    %pushi/vec4 1, 0, 1;
    %store/vec4 v00000150959939c0_0, 0, 1;
    %delay 20000, 0;
    %pushi/vec4 1, 0, 1;
    %store/vec4 v00000150959939c0_0, 0, 1;
    %vpi_call 2 48 "$monitor", $time, " y = %b", v0000015095993880_0 {0 0 0};
    %delay 10000, 0;
    %vpi_call 2 49 "$finish" {0 0 0};
    %end;
    .thread T_5;
# The file index is used to find the file name in the following table.
:file_names 4;
    "N/A";
    "<interactive>";
    "Sequence_detector_1011_tb.v";
    "Sequence_detector_1011.v";
