#! /c/Source/iverilog-install/bin/vvp
:ivl_version "12.0 (devel)" "(s20150603-1539-g2693dd32b)";
:ivl_delay_selection "TYPICAL";
:vpi_time_precision + 0;
:vpi_module "C:\iverilog\lib\ivl\system.vpi";
:vpi_module "C:\iverilog\lib\ivl\vhdl_sys.vpi";
:vpi_module "C:\iverilog\lib\ivl\vhdl_textio.vpi";
:vpi_module "C:\iverilog\lib\ivl\v2005_math.vpi";
:vpi_module "C:\iverilog\lib\ivl\va_math.vpi";
S_000002159fcabd50 .scope module, "SQ_1011" "SQ_1011" 2 1;
 .timescale 0 0;
    .port_info 0 /INPUT 1 "S_input";
    .port_info 1 /INPUT 1 "CLK";
    .port_info 2 /INPUT 1 "RST";
    .port_info 3 /OUTPUT 1 "D_output";
P_000002159fca6ad0 .param/l "One" 0 2 5, C4<001>;
P_000002159fca6b08 .param/l "OneZero" 0 2 6, C4<010>;
P_000002159fca6b40 .param/l "OneZeroOne" 0 2 7, C4<011>;
P_000002159fca6b78 .param/l "OneZeroOneOne" 0 2 8, C4<100>;
P_000002159fca6bb0 .param/l "Zero" 0 2 4, C4<000>;
o000002159fcfaf88 .functor BUFZ 1, C4<z>; HiZ drive
v000002159fcabee0_0 .net "CLK", 0 0, o000002159fcfaf88;  0 drivers
v000002159fcf42a0_0 .var "D_output", 0 0;
o000002159fcfafe8 .functor BUFZ 1, C4<z>; HiZ drive
v000002159fcf4340_0 .net "RST", 0 0, o000002159fcfafe8;  0 drivers
o000002159fcfb018 .functor BUFZ 1, C4<z>; HiZ drive
v000002159fcf43e0_0 .net "S_input", 0 0, o000002159fcfb018;  0 drivers
v000002159fcf4480_0 .var "current_state", 2 0;
v000002159fcf4520_0 .var "next_state", 2 0;
E_000002159fcfa1b0 .event anyedge, v000002159fcf4480_0;
E_000002159fcf9df0 .event anyedge, v000002159fcf43e0_0, v000002159fcf4480_0;
E_000002159fcf98b0 .event posedge, v000002159fcf4340_0, v000002159fcabee0_0;
    .scope S_000002159fcabd50;
T_0 ;
    %wait E_000002159fcf98b0;
    %load/vec4 v000002159fcf4340_0;
    %pad/u 32;
    %cmpi/e 1, 0, 32;
    %jmp/0xz  T_0.0, 4;
    %pushi/vec4 0, 0, 3;
    %assign/vec4 v000002159fcf4480_0, 0;
    %jmp T_0.1;
T_0.0 ;
    %load/vec4 v000002159fcf4520_0;
    %assign/vec4 v000002159fcf4480_0, 0;
T_0.1 ;
    %jmp T_0;
    .thread T_0;
    .scope S_000002159fcabd50;
T_1 ;
    %wait E_000002159fcf9df0;
    %load/vec4 v000002159fcf4480_0;
    %dup/vec4;
    %pushi/vec4 0, 0, 3;
    %cmp/u;
    %jmp/1 T_1.0, 6;
    %dup/vec4;
    %pushi/vec4 1, 0, 3;
    %cmp/u;
    %jmp/1 T_1.1, 6;
    %dup/vec4;
    %pushi/vec4 2, 0, 3;
    %cmp/u;
    %jmp/1 T_1.2, 6;
    %dup/vec4;
    %pushi/vec4 3, 0, 3;
    %cmp/u;
    %jmp/1 T_1.3, 6;
    %dup/vec4;
    %pushi/vec4 4, 0, 3;
    %cmp/u;
    %jmp/1 T_1.4, 6;
    %pushi/vec4 0, 0, 3;
    %store/vec4 v000002159fcf4520_0, 0, 3;
    %jmp T_1.6;
T_1.0 ;
    %load/vec4 v000002159fcf43e0_0;
    %pad/u 32;
    %cmpi/e 0, 0, 32;
    %jmp/0xz  T_1.7, 4;
    %pushi/vec4 0, 0, 3;
    %store/vec4 v000002159fcf4520_0, 0, 3;
    %jmp T_1.8;
T_1.7 ;
    %pushi/vec4 1, 0, 3;
    %store/vec4 v000002159fcf4520_0, 0, 3;
T_1.8 ;
    %jmp T_1.6;
T_1.1 ;
    %load/vec4 v000002159fcf43e0_0;
    %pad/u 32;
    %cmpi/e 0, 0, 32;
    %jmp/0xz  T_1.9, 4;
    %pushi/vec4 2, 0, 3;
    %store/vec4 v000002159fcf4520_0, 0, 3;
    %jmp T_1.10;
T_1.9 ;
    %pushi/vec4 1, 0, 3;
    %store/vec4 v000002159fcf4520_0, 0, 3;
T_1.10 ;
    %jmp T_1.6;
T_1.2 ;
    %load/vec4 v000002159fcf43e0_0;
    %pad/u 32;
    %cmpi/e 0, 0, 32;
    %jmp/0xz  T_1.11, 4;
    %pushi/vec4 0, 0, 3;
    %store/vec4 v000002159fcf4520_0, 0, 3;
    %jmp T_1.12;
T_1.11 ;
    %pushi/vec4 3, 0, 3;
    %store/vec4 v000002159fcf4520_0, 0, 3;
T_1.12 ;
    %jmp T_1.6;
T_1.3 ;
    %load/vec4 v000002159fcf43e0_0;
    %pad/u 32;
    %cmpi/e 0, 0, 32;
    %jmp/0xz  T_1.13, 4;
    %pushi/vec4 2, 0, 3;
    %store/vec4 v000002159fcf4520_0, 0, 3;
    %jmp T_1.14;
T_1.13 ;
    %pushi/vec4 4, 0, 3;
    %store/vec4 v000002159fcf4520_0, 0, 3;
T_1.14 ;
    %jmp T_1.6;
T_1.4 ;
    %load/vec4 v000002159fcf43e0_0;
    %pad/u 32;
    %cmpi/e 0, 0, 32;
    %jmp/0xz  T_1.15, 4;
    %pushi/vec4 2, 0, 3;
    %store/vec4 v000002159fcf4520_0, 0, 3;
    %jmp T_1.16;
T_1.15 ;
    %pushi/vec4 1, 0, 3;
    %store/vec4 v000002159fcf4520_0, 0, 3;
T_1.16 ;
    %jmp T_1.6;
T_1.6 ;
    %pop/vec4 1;
    %jmp T_1;
    .thread T_1, $push;
    .scope S_000002159fcabd50;
T_2 ;
    %wait E_000002159fcfa1b0;
    %load/vec4 v000002159fcf4480_0;
    %dup/vec4;
    %pushi/vec4 0, 0, 3;
    %cmp/u;
    %jmp/1 T_2.0, 6;
    %dup/vec4;
    %pushi/vec4 1, 0, 3;
    %cmp/u;
    %jmp/1 T_2.1, 6;
    %dup/vec4;
    %pushi/vec4 2, 0, 3;
    %cmp/u;
    %jmp/1 T_2.2, 6;
    %dup/vec4;
    %pushi/vec4 3, 0, 3;
    %cmp/u;
    %jmp/1 T_2.3, 6;
    %dup/vec4;
    %pushi/vec4 4, 0, 3;
    %cmp/u;
    %jmp/1 T_2.4, 6;
    %pushi/vec4 0, 0, 1;
    %store/vec4 v000002159fcf42a0_0, 0, 1;
    %jmp T_2.6;
T_2.0 ;
    %pushi/vec4 0, 0, 1;
    %store/vec4 v000002159fcf42a0_0, 0, 1;
    %jmp T_2.6;
T_2.1 ;
    %pushi/vec4 0, 0, 1;
    %store/vec4 v000002159fcf42a0_0, 0, 1;
    %jmp T_2.6;
T_2.2 ;
    %pushi/vec4 0, 0, 1;
    %store/vec4 v000002159fcf42a0_0, 0, 1;
    %jmp T_2.6;
T_2.3 ;
    %pushi/vec4 0, 0, 1;
    %store/vec4 v000002159fcf42a0_0, 0, 1;
    %jmp T_2.6;
T_2.4 ;
    %pushi/vec4 1, 0, 1;
    %store/vec4 v000002159fcf42a0_0, 0, 1;
    %jmp T_2.6;
T_2.6 ;
    %pop/vec4 1;
    %jmp T_2;
    .thread T_2, $push;
# The file index is used to find the file name in the following table.
:file_names 3;
    "N/A";
    "<interactive>";
    "Sequence_detector_1011.v";
